<?xml version="1.0" encoding="UTF-8"?>
<!-- Generated by org.testng.reporters.JUnitReportReporter -->
<testsuite skipped="0" hostname="LAPTOP-538TR098" name="com.OrangeHRM.OrangeHRM_Paranmeters" tests="3" failures="0" timestamp="14 Apr 2021 06:27:53 GMT" time="34.809" errors="0">
  <testcase name="Login" time="11.218" classname="com.OrangeHRM.OrangeHRM_Paranmeters"/>
  <testcase name="Login" time="12.257" classname="com.OrangeHRM.OrangeHRM_Paranmeters"/>
  <testcase name="Login" time="11.334" classname="com.OrangeHRM.OrangeHRM_Paranmeters"/>
</testsuite> <!-- com.OrangeHRM.OrangeHRM_Paranmeters -->
