<?xml version="1.0" encoding="UTF-8"?>
<!-- Generated by org.testng.reporters.JUnitReportReporter -->
<testsuite skipped="0" hostname="LAPTOP-538TR098" name="com.OrangeHRM.ReadDataFromDataBase_OrangeHRM_Login" tests="1" failures="0" timestamp="20 Apr 2021 06:03:22 GMT" time="43.249" errors="0">
  <testcase name="ConnectSQLDB_With_LoginApp" time="43.249" classname="com.OrangeHRM.ReadDataFromDataBase_OrangeHRM_Login"/>
</testsuite> <!-- com.OrangeHRM.ReadDataFromDataBase_OrangeHRM_Login -->
