<?xml version="1.0" encoding="UTF-8"?>
<!-- Generated by org.testng.reporters.JUnitReportReporter -->
<testsuite skipped="0" hostname="LAPTOP-538TR098" name="com.OrangeHRM.Login_Verification2DataProvider" tests="3" failures="0" timestamp="14 Apr 2021 05:10:54 GMT" time="83.627" errors="0">
  <testcase name="Login" time="29.751" classname="com.OrangeHRM.Login_Verification2DataProvider"/>
  <testcase name="Login" time="26.887" classname="com.OrangeHRM.Login_Verification2DataProvider"/>
  <testcase name="Login" time="26.989" classname="com.OrangeHRM.Login_Verification2DataProvider"/>
</testsuite> <!-- com.OrangeHRM.Login_Verification2DataProvider -->
