<?xml version="1.0" encoding="UTF-8"?>
<!-- Generated by org.testng.reporters.JUnitReportReporter -->
<testsuite skipped="0" hostname="LAPTOP-538TR098" name="com.OrangeHRM.ScrollElement" tests="1" failures="0" timestamp="20 Apr 2021 07:21:54 GMT" time="13.219" errors="0">
  <testcase name="ScrollElement" time="13.219" classname="com.OrangeHRM.ScrollElement"/>
</testsuite> <!-- com.OrangeHRM.ScrollElement -->
