<?xml version="1.0" encoding="UTF-8"?>
<!-- Generated by org.testng.reporters.JUnitReportReporter -->
<testsuite skipped="0" hostname="LAPTOP-538TR098" name="com.OrangeHRM.ReadPDFExample" tests="1" failures="0" timestamp="21 Apr 2021 07:37:22 GMT" time="12.343" errors="0">
  <testcase name="ReadPDFFile" time="12.343" classname="com.OrangeHRM.ReadPDFExample"/>
</testsuite> <!-- com.OrangeHRM.ReadPDFExample -->
