<?xml version="1.0" encoding="UTF-8"?>
<!-- Generated by org.testng.reporters.JUnitReportReporter -->
<testsuite skipped="0" hostname="LAPTOP-538TR098" name="com.OrangeHRM.DownloadPDF" tests="1" failures="0" timestamp="21 Apr 2021 08:09:39 GMT" time="74.761" errors="0">
  <testcase name="downloadPdf" time="74.761" classname="com.OrangeHRM.DownloadPDF"/>
</testsuite> <!-- com.OrangeHRM.DownloadPDF -->
