<?xml version="1.0" encoding="UTF-8"?>
<!-- Generated by org.testng.reporters.JUnitReportReporter -->
<testsuite skipped="0" hostname="LAPTOP-538TR098" name="com.OrangeHRM.OrangrHRM_TestNG" tests="2" failures="0" timestamp="14 Apr 2021 04:32:46 GMT" time="25.296" errors="0">
  <testcase name="Login_Successful" time="20.815" classname="com.OrangeHRM.OrangrHRM_TestNG"/>
  <testcase name="logout" time="4.481" classname="com.OrangeHRM.OrangrHRM_TestNG"/>
</testsuite> <!-- com.OrangeHRM.OrangrHRM_TestNG -->
