<?xml version="1.0" encoding="UTF-8"?>
<!-- Generated by org.testng.reporters.JUnitReportReporter -->
<testsuite skipped="0" hostname="LAPTOP-538TR098" name="com.OrangeHRM.ConnectDB_Direct_Example" tests="1" failures="0" timestamp="20 Apr 2021 05:24:36 GMT" time="0.826" errors="0">
  <testcase name="ConnectSQLDB" time="0.826" classname="com.OrangeHRM.ConnectDB_Direct_Example"/>
</testsuite> <!-- com.OrangeHRM.ConnectDB_Direct_Example -->
