<?xml version="1.0" encoding="UTF-8"?>
<!-- Generated by org.testng.reporters.JUnitReportReporter -->
<testsuite skipped="0" hostname="LAPTOP-538TR098" name="com.OrangeHRM.TestDataProvider" tests="5" failures="0" timestamp="14 Apr 2021 06:05:47 GMT" time="12.571" errors="0">
  <testcase name="LoginAllCases" time="0.786" classname="com.OrangeHRM.TestDataProvider"/>
  <testcase name="LoginAllCases" time="1.274" classname="com.OrangeHRM.TestDataProvider"/>
  <testcase name="LoginAllCases" time="9.606" classname="com.OrangeHRM.TestDataProvider"/>
  <testcase name="LoginAllCases" time="0.308" classname="com.OrangeHRM.TestDataProvider"/>
  <testcase name="LoginAllCases" time="0.597" classname="com.OrangeHRM.TestDataProvider"/>
</testsuite> <!-- com.OrangeHRM.TestDataProvider -->
