<?xml version="1.0" encoding="UTF-8"?>
<!-- Generated by org.testng.reporters.JUnitReportReporter -->
<testsuite skipped="0" hostname="LAPTOP-538TR098" name="com.OrangeHRM.ScrollToEnd" tests="1" failures="0" timestamp="20 Apr 2021 07:28:45 GMT" time="11.958" errors="0">
  <testcase name="ByPage" time="11.958" classname="com.OrangeHRM.ScrollToEnd"/>
</testsuite> <!-- com.OrangeHRM.ScrollToEnd -->
