<?xml version="1.0" encoding="UTF-8"?>
<!-- Generated by org.testng.reporters.JUnitReportReporter -->
<testsuite skipped="0" hostname="LAPTOP-538TR098" name="com.SingleExtentReport.ScrollElement" tests="1" failures="0" timestamp="21 Apr 2021 07:31:26 GMT" time="29.238" errors="0">
  <testcase name="ScrollElement" time="29.238" classname="com.SingleExtentReport.ScrollElement"/>
</testsuite> <!-- com.SingleExtentReport.ScrollElement -->
