<?xml version="1.0" encoding="UTF-8"?>
<!-- Generated by org.testng.reporters.JUnitReportReporter -->
<testsuite skipped="0" hostname="LAPTOP-538TR098" name="com.OrangeHRM.OrangeHRM_CrossBrowser" tests="3" failures="0" timestamp="14 Apr 2021 06:57:09 GMT" time="49.105" errors="0">
  <testcase name="OrangeHRM_Login" time="21.844" classname="com.OrangeHRM.OrangeHRM_CrossBrowser"/>
  <testcase name="OrangeHRM_Login" time="11.340" classname="com.OrangeHRM.OrangeHRM_CrossBrowser"/>
  <testcase name="OrangeHRM_Login" time="15.921" classname="com.OrangeHRM.OrangeHRM_CrossBrowser"/>
</testsuite> <!-- com.OrangeHRM.OrangeHRM_CrossBrowser -->
