<?xml version="1.0" encoding="UTF-8"?>
<!-- Generated by org.testng.reporters.JUnitReportReporter -->
<testsuite skipped="0" hostname="LAPTOP-538TR098" name="com.OrangeHRM.ReadingPropertiesFile" tests="1" failures="0" timestamp="16 Apr 2021 06:52:17 GMT" time="9.671" errors="0">
  <testcase name="Flight_Login" time="9.671" classname="com.OrangeHRM.ReadingPropertiesFile"/>
</testsuite> <!-- com.OrangeHRM.ReadingPropertiesFile -->
