<?xml version="1.0" encoding="UTF-8"?>
<!-- Generated by org.testng.reporters.JUnitReportReporter -->
<testsuite skipped="0" hostname="LAPTOP-538TR098" name="com.OrangeHRM.ReadJsonFIle" tests="1" failures="0" timestamp="16 Apr 2021 07:03:20 GMT" time="15.409" errors="0">
  <testcase name="Flight_Login" time="15.409" classname="com.OrangeHRM.ReadJsonFIle"/>
</testsuite> <!-- com.OrangeHRM.ReadJsonFIle -->
