<?xml version="1.0" encoding="UTF-8"?>
<!-- Generated by org.testng.reporters.JUnitReportReporter -->
<testsuite skipped="0" hostname="LAPTOP-538TR098" name="com.OrangeHRM.ConnectDB_Direct_Passdata_OrangeHRM" tests="1" failures="0" timestamp="20 Apr 2021 05:28:18 GMT" time="46.784" errors="0">
  <testcase name="ConnectSQLDB" time="46.784" classname="com.OrangeHRM.ConnectDB_Direct_Passdata_OrangeHRM"/>
</testsuite> <!-- com.OrangeHRM.ConnectDB_Direct_Passdata_OrangeHRM -->
