<?xml version="1.0" encoding="UTF-8"?>
<!-- Generated by org.testng.reporters.JUnitReportReporter -->
<testsuite skipped="0" hostname="LAPTOP-538TR098" name="com.OrangeHRM.PrintPDF" tests="1" failures="0" timestamp="21 Apr 2021 07:51:54 GMT" time="1.226" errors="0">
  <testcase name="verifyContentInPDf" time="1.226" classname="com.OrangeHRM.PrintPDF"/>
</testsuite> <!-- com.OrangeHRM.PrintPDF -->
